a behavior
  that is being structured
    whose components are being defined
    whose naming is being validated
    whose relationships are being verified
============================================================
Behavior Structure Validation
============================================================
  that is being validated for structure compliance
    whose naming patterns are being checked
    whose content requirements are being checked
    that has specialized behaviors being handled
  that is being repaired automatically
    that has structural issues
    that has deprecated patterns
    whose repairs are being validated
  that is being created from scratch
    whose files are being scaffolded
    whose rule file is being generated
    whose command file is being generated
    whose runner file is being generated
  that is being deployed to active use
    whose deployment is being prepared
    whose files are being synchronized
    whose configurations are being merged
    whose watchers are being restarted
  that is being indexed for discovery
    whose behavior files are being discovered
    whose metadata is being collected
    whose index structure is being assembled
    whose indexes are being updated
  that is being analyzed for consistency
    whose behaviors are being discovered for analysis
    whose semantic analysis is being performed
    whose overlaps are being identified
    whose contradictions are being identified
    whose consistency report is being generated
  that has specialized behaviors
    whose hierarchical pattern is being validated
    whose base rule is being validated
    whose specialized rules are being validated
    whose pattern consistency is being checked

a feature
  that groups related behaviors
  that is being discovered by configuration

configuration discovery
  that identifies deployed features

2 examples failed of 33 ran in 0.1135 seconds

Failures:

  1) a behavior that is being structured whose relationships are being verified it should reference commands from rule
mamba : Traceback (most recent call last):
At C:\Users\thoma\AppData\Local\Temp\ps-script-5430fc31-abc2-43b1-a1aa-7d852c7f54d4.ps1:7 char:49
+ ... code-agent; mamba code_agent_runner_test.py --format documentation 2> ...
+                 ~~~~~~~~~~~~~~~~~~~~~~~~~~~~~~~~~~~~~~~~~~~~~~~~~~~~~~~~~
    + CategoryInfo          : NotSpecified: (Traceback (most recent call last)::String) [], RemoteException
    + FullyQualifiedErrorId : NativeCommandError
 
  File "<frozen runpy>", line 198, in _run_module_as_main
  File "<frozen runpy>", line 88, in _run_code
  File "C:\Users\thoma\AppData\Local\Programs\Python\Python313-arm64\Scripts\mamba.exe\__main__.py", line 6, in 
<module>
    sys.exit(main())
             ~~~~^^
  File "C:\Users\thoma\AppData\Local\Programs\Python\Python313-arm64\Lib\site-packages\mamba\cli.py", line 18, in main
    runner.run()
    ~~~~~~~~~~^^
  File "C:\Users\thoma\AppData\Local\Programs\Python\Python313-arm64\Lib\site-packages\mamba\runners.py", line 37, in 
run
    self.reporter.finish()
    ~~~~~~~~~~~~~~~~~~~~^^
  File "C:\Users\thoma\AppData\Local\Programs\Python\Python313-arm64\Lib\site-packages\mamba\reporter.py", line 53, in 
finish
    self.notify('failures', self.failed_examples)
    ~~~~~~~~~~~^^^^^^^^^^^^^^^^^^^^^^^^^^^^^^^^^^
  File "C:\Users\thoma\AppData\Local\Programs\Python\Python313-arm64\Lib\site-packages\mamba\reporter.py", line 60, in 
notify
    getattr(listener, event)(*args)
    ~~~~~~~~~~~~~~~~~~~~~~~~^^^^^^^
  File "C:\Users\thoma\AppData\Local\Programs\Python\Python313-arm64\Lib\site-packages\mamba\formatters.py", line 121, 
in failures
    puts(self._color('red', self.format_failure(failed)))
    ~~~~^^^^^^^^^^^^^^^^^^^^^^^^^^^^^^^^^^^^^^^^^^^^^^^^^
  File "C:\Users\thoma\AppData\Local\Programs\Python\Python313-arm64\Lib\site-packages\clint\textui\core.py", line 68, 
in puts
    stream(_str)
    ~~~~~~^^^^^^
  File "C:\Users\thoma\AppData\Local\Programs\Python\Python313-arm64\Lib\site-packages\clint\packages\colorama\ansitowi
n32.py", line 34, in write
    self.__convertor.write(text)
    ~~~~~~~~~~~~~~~~~~~~~~^^^^^^
  File "C:\Users\thoma\AppData\Local\Programs\Python\Python313-arm64\Lib\site-packages\clint\packages\colorama\ansitowi
n32.py", line 115, in write
    self.write_and_convert(text)
    ~~~~~~~~~~~~~~~~~~~~~~^^^^^^
  File "C:\Users\thoma\AppData\Local\Programs\Python\Python313-arm64\Lib\site-packages\clint\packages\colorama\ansitowi
n32.py", line 142, in write_and_convert
    self.write_plain_text(text, cursor, len(text))
    ~~~~~~~~~~~~~~~~~~~~~^^^^^^^^^^^^^^^^^^^^^^^^^
  File "C:\Users\thoma\AppData\Local\Programs\Python\Python313-arm64\Lib\site-packages\clint\packages\colorama\ansitowi
n32.py", line 147, in write_plain_text
    self.wrapped.write(text[start:end])
    ~~~~~~~~~~~~~~~~~~^^^^^^^^^^^^^^^^^
  File "C:\Users\thoma\AppData\Local\Programs\Python\Python313-arm64\Lib\encodings\cp1252.py", line 19, in encode
    return codecs.charmap_encode(input,self.errors,encoding_table)[0]
           ~~~~~~~~~~~~~~~~~~~~~^^^^^^^^^^^^^^^^^^^^^^^^^^^^^^^^^^
UnicodeEncodeError: 'charmap' codec can't encode character '\u2717' in position 2257: character maps to <undefined>
